[2025-07-28T11:18:36.512+0000] {manager.py:470} INFO - Processing files using up to 2 processes at a time 
[2025-07-28T11:18:36.514+0000] {manager.py:471} INFO - Process each file at most once every 30 seconds
[2025-07-28T11:18:36.515+0000] {manager.py:472} INFO - Checking for new files in /opt/airflow/dags every 300 seconds
[2025-07-28T11:18:36.517+0000] {manager.py:737} INFO - Searching for files in /opt/airflow/dags
[2025-07-28T11:18:36.541+0000] {manager.py:740} INFO - There are 1 files in /opt/airflow/dags
[2025-07-28T11:18:36.896+0000] {manager.py:878} INFO - 
================================================================================
DAG File Processing Stats

File Path                                     PID  Runtime      # DAGs    # Errors  Last Runtime    Last Run
------------------------------------------  -----  ---------  --------  ----------  --------------  ----------
/opt/airflow/dags/sales_forecasting_dag.py    164  0.10s             0           0
================================================================================
[2025-07-28T11:19:07.205+0000] {manager.py:878} INFO - 
================================================================================
DAG File Processing Stats

File Path                                     PID  Runtime      # DAGs    # Errors  Last Runtime    Last Run
------------------------------------------  -----  ---------  --------  ----------  --------------  -------------------
/opt/airflow/dags/sales_forecasting_dag.py    169  0.00s             0           1  0.30s           2025-07-28T11:18:37
================================================================================
[2025-07-28T11:19:37.414+0000] {manager.py:878} INFO - 
================================================================================
DAG File Processing Stats

File Path                                     PID  Runtime      # DAGs    # Errors  Last Runtime    Last Run
------------------------------------------  -----  ---------  --------  ----------  --------------  -------------------
/opt/airflow/dags/sales_forecasting_dag.py    174  0.00s             0           1  0.13s           2025-07-28T11:19:07
================================================================================
[2025-07-28T11:20:07.615+0000] {manager.py:878} INFO - 
================================================================================
DAG File Processing Stats

File Path                                     PID  Runtime      # DAGs    # Errors  Last Runtime    Last Run
------------------------------------------  -----  ---------  --------  ----------  --------------  -------------------
/opt/airflow/dags/sales_forecasting_dag.py    179  0.00s             0           1  0.09s           2025-07-28T11:19:37
================================================================================
[2025-07-28T11:20:37.887+0000] {manager.py:878} INFO - 
================================================================================
DAG File Processing Stats

File Path                                     PID  Runtime      # DAGs    # Errors  Last Runtime    Last Run
------------------------------------------  -----  ---------  --------  ----------  --------------  -------------------
/opt/airflow/dags/sales_forecasting_dag.py    184  0.00s             0           1  0.07s           2025-07-28T11:20:07
================================================================================
[2025-07-28T11:21:08.144+0000] {manager.py:878} INFO - 
================================================================================
DAG File Processing Stats

File Path                                     PID  Runtime      # DAGs    # Errors  Last Runtime    Last Run
------------------------------------------  -----  ---------  --------  ----------  --------------  -------------------
/opt/airflow/dags/sales_forecasting_dag.py    189  0.00s             0           1  0.08s           2025-07-28T11:20:37
================================================================================
[2025-07-28T11:21:38.421+0000] {manager.py:878} INFO - 
================================================================================
DAG File Processing Stats

File Path                                     PID  Runtime      # DAGs    # Errors  Last Runtime    Last Run
------------------------------------------  -----  ---------  --------  ----------  --------------  -------------------
/opt/airflow/dags/sales_forecasting_dag.py    194  0.00s             0           1  0.07s           2025-07-28T11:21:08
================================================================================
[2025-07-28T11:22:08.679+0000] {manager.py:878} INFO - 
================================================================================
DAG File Processing Stats

File Path                                     PID  Runtime      # DAGs    # Errors  Last Runtime    Last Run
------------------------------------------  -----  ---------  --------  ----------  --------------  -------------------
/opt/airflow/dags/sales_forecasting_dag.py    199  0.00s             0           1  0.07s           2025-07-28T11:21:38
================================================================================
[2025-07-28T11:22:38.920+0000] {manager.py:878} INFO - 
================================================================================
DAG File Processing Stats

File Path                                     PID  Runtime      # DAGs    # Errors  Last Runtime    Last Run
------------------------------------------  -----  ---------  --------  ----------  --------------  -------------------
/opt/airflow/dags/sales_forecasting_dag.py    204  0.00s             0           1  0.07s           2025-07-28T11:22:08
================================================================================
[2025-07-28T11:23:09.112+0000] {manager.py:878} INFO - 
================================================================================
DAG File Processing Stats

File Path                                     PID  Runtime      # DAGs    # Errors  Last Runtime    Last Run
------------------------------------------  -----  ---------  --------  ----------  --------------  -------------------
/opt/airflow/dags/sales_forecasting_dag.py    209  0.00s             0           1  0.09s           2025-07-28T11:22:39
================================================================================
[2025-07-28T11:23:37.343+0000] {manager.py:737} INFO - Searching for files in /opt/airflow/dags
[2025-07-28T11:23:37.360+0000] {manager.py:740} INFO - There are 1 files in /opt/airflow/dags
[2025-07-28T11:23:39.422+0000] {manager.py:878} INFO - 
================================================================================
DAG File Processing Stats

File Path                                     PID  Runtime      # DAGs    # Errors  Last Runtime    Last Run
------------------------------------------  -----  ---------  --------  ----------  --------------  -------------------
/opt/airflow/dags/sales_forecasting_dag.py    214  0.01s             0           1  0.08s           2025-07-28T11:23:09
================================================================================
[2025-07-28T11:24:09.688+0000] {manager.py:878} INFO - 
================================================================================
DAG File Processing Stats

File Path                                     PID  Runtime      # DAGs    # Errors  Last Runtime    Last Run
------------------------------------------  -----  ---------  --------  ----------  --------------  -------------------
/opt/airflow/dags/sales_forecasting_dag.py    219  0.00s             0           1  0.08s           2025-07-28T11:23:39
================================================================================
[2025-07-28T11:24:40.016+0000] {manager.py:878} INFO - 
================================================================================
DAG File Processing Stats

File Path                                     PID  Runtime      # DAGs    # Errors  Last Runtime    Last Run
------------------------------------------  -----  ---------  --------  ----------  --------------  -------------------
/opt/airflow/dags/sales_forecasting_dag.py    224  0.01s             0           1  0.06s           2025-07-28T11:24:09
================================================================================
[2025-07-28T11:25:10.337+0000] {manager.py:878} INFO - 
================================================================================
DAG File Processing Stats

File Path                                     PID  Runtime      # DAGs    # Errors  Last Runtime    Last Run
------------------------------------------  -----  ---------  --------  ----------  --------------  -------------------
/opt/airflow/dags/sales_forecasting_dag.py    229  0.00s             0           1  0.09s           2025-07-28T11:24:40
================================================================================
[2025-07-28T11:25:40.605+0000] {manager.py:878} INFO - 
================================================================================
DAG File Processing Stats

File Path                                     PID  Runtime      # DAGs    # Errors  Last Runtime    Last Run
------------------------------------------  -----  ---------  --------  ----------  --------------  -------------------
/opt/airflow/dags/sales_forecasting_dag.py    234  0.00s             0           1  0.06s           2025-07-28T11:25:10
================================================================================
[2025-07-28T11:26:10.895+0000] {manager.py:878} INFO - 
================================================================================
DAG File Processing Stats

File Path                                     PID  Runtime      # DAGs    # Errors  Last Runtime    Last Run
------------------------------------------  -----  ---------  --------  ----------  --------------  -------------------
/opt/airflow/dags/sales_forecasting_dag.py    239  0.00s             0           1  0.07s           2025-07-28T11:25:40
================================================================================
[2025-07-28T11:26:41.161+0000] {manager.py:878} INFO - 
================================================================================
DAG File Processing Stats

File Path                                     PID  Runtime      # DAGs    # Errors  Last Runtime    Last Run
------------------------------------------  -----  ---------  --------  ----------  --------------  -------------------
/opt/airflow/dags/sales_forecasting_dag.py    244  0.00s             0           1  0.06s           2025-07-28T11:26:10
================================================================================
[2025-07-28T11:27:11.545+0000] {manager.py:878} INFO - 
================================================================================
DAG File Processing Stats

File Path                                     PID  Runtime      # DAGs    # Errors  Last Runtime    Last Run
------------------------------------------  -----  ---------  --------  ----------  --------------  -------------------
/opt/airflow/dags/sales_forecasting_dag.py    249  0.01s             0           1  0.07s           2025-07-28T11:26:41
================================================================================
[2025-07-28T11:27:41.873+0000] {manager.py:878} INFO - 
================================================================================
DAG File Processing Stats

File Path                                     PID  Runtime      # DAGs    # Errors  Last Runtime    Last Run
------------------------------------------  -----  ---------  --------  ----------  --------------  -------------------
/opt/airflow/dags/sales_forecasting_dag.py    254  0.01s             0           1  0.09s           2025-07-28T11:27:11
================================================================================
[2025-07-28T11:28:12.210+0000] {manager.py:878} INFO - 
================================================================================
DAG File Processing Stats

File Path                                     PID  Runtime      # DAGs    # Errors  Last Runtime    Last Run
------------------------------------------  -----  ---------  --------  ----------  --------------  -------------------
/opt/airflow/dags/sales_forecasting_dag.py    259  0.01s             0           1  0.09s           2025-07-28T11:27:41
================================================================================
[2025-07-28T11:28:37.442+0000] {manager.py:737} INFO - Searching for files in /opt/airflow/dags
[2025-07-28T11:28:37.486+0000] {manager.py:740} INFO - There are 1 files in /opt/airflow/dags
[2025-07-28T11:28:42.564+0000] {manager.py:878} INFO - 
================================================================================
DAG File Processing Stats

File Path                                     PID  Runtime      # DAGs    # Errors  Last Runtime    Last Run
------------------------------------------  -----  ---------  --------  ----------  --------------  -------------------
/opt/airflow/dags/sales_forecasting_dag.py    264  0.00s             0           1  0.08s           2025-07-28T11:28:12
================================================================================
[2025-07-28T11:29:12.888+0000] {manager.py:878} INFO - 
================================================================================
DAG File Processing Stats

File Path                                     PID  Runtime      # DAGs    # Errors  Last Runtime    Last Run
------------------------------------------  -----  ---------  --------  ----------  --------------  -------------------
/opt/airflow/dags/sales_forecasting_dag.py    269  0.01s             0           1  0.07s           2025-07-28T11:28:42
================================================================================
[2025-07-28T11:29:43.157+0000] {manager.py:878} INFO - 
================================================================================
DAG File Processing Stats

File Path                                     PID  Runtime      # DAGs    # Errors  Last Runtime    Last Run
------------------------------------------  -----  ---------  --------  ----------  --------------  -------------------
/opt/airflow/dags/sales_forecasting_dag.py    274  0.00s             0           1  0.08s           2025-07-28T11:29:12
================================================================================
[2025-07-28T11:30:13.432+0000] {manager.py:878} INFO - 
================================================================================
DAG File Processing Stats

File Path                                     PID  Runtime      # DAGs    # Errors  Last Runtime    Last Run
------------------------------------------  -----  ---------  --------  ----------  --------------  -------------------
/opt/airflow/dags/sales_forecasting_dag.py    279  0.01s             0           1  0.06s           2025-07-28T11:29:43
================================================================================
[2025-07-28T11:30:43.761+0000] {manager.py:878} INFO - 
================================================================================
DAG File Processing Stats

File Path                                     PID  Runtime      # DAGs    # Errors  Last Runtime    Last Run
------------------------------------------  -----  ---------  --------  ----------  --------------  -------------------
/opt/airflow/dags/sales_forecasting_dag.py    284  0.00s             0           1  0.08s           2025-07-28T11:30:13
================================================================================
[2025-07-28T11:31:13.966+0000] {manager.py:878} INFO - 
================================================================================
DAG File Processing Stats

File Path                                     PID  Runtime      # DAGs    # Errors  Last Runtime    Last Run
------------------------------------------  -----  ---------  --------  ----------  --------------  -------------------
/opt/airflow/dags/sales_forecasting_dag.py    289  0.01s             0           1  0.11s           2025-07-28T11:30:43
================================================================================
[2025-07-28T11:31:44.202+0000] {manager.py:878} INFO - 
================================================================================
DAG File Processing Stats

File Path                                     PID  Runtime      # DAGs    # Errors  Last Runtime    Last Run
------------------------------------------  -----  ---------  --------  ----------  --------------  -------------------
/opt/airflow/dags/sales_forecasting_dag.py    294  0.01s             0           1  0.15s           2025-07-28T11:31:14
================================================================================
[2025-07-28T11:32:14.391+0000] {manager.py:878} INFO - 
================================================================================
DAG File Processing Stats

File Path                                     PID  Runtime      # DAGs    # Errors  Last Runtime    Last Run
------------------------------------------  -----  ---------  --------  ----------  --------------  -------------------
/opt/airflow/dags/sales_forecasting_dag.py    299  0.00s             0           1  0.10s           2025-07-28T11:31:44
================================================================================
[2025-07-28T11:32:44.621+0000] {manager.py:878} INFO - 
================================================================================
DAG File Processing Stats

File Path                                     PID  Runtime      # DAGs    # Errors  Last Runtime    Last Run
------------------------------------------  -----  ---------  --------  ----------  --------------  -------------------
/opt/airflow/dags/sales_forecasting_dag.py    304  0.00s             0           1  0.10s           2025-07-28T11:32:14
================================================================================
[2025-07-28T11:33:14.815+0000] {manager.py:878} INFO - 
================================================================================
DAG File Processing Stats

File Path                                     PID  Runtime      # DAGs    # Errors  Last Runtime    Last Run
------------------------------------------  -----  ---------  --------  ----------  --------------  -------------------
/opt/airflow/dags/sales_forecasting_dag.py    309  0.00s             0           1  0.10s           2025-07-28T11:32:44
================================================================================
[2025-07-28T11:33:37.999+0000] {manager.py:737} INFO - Searching for files in /opt/airflow/dags
[2025-07-28T11:33:38.022+0000] {manager.py:740} INFO - There are 1 files in /opt/airflow/dags
[2025-07-28T11:33:45.088+0000] {manager.py:878} INFO - 
================================================================================
DAG File Processing Stats

File Path                                     PID  Runtime      # DAGs    # Errors  Last Runtime    Last Run
------------------------------------------  -----  ---------  --------  ----------  --------------  -------------------
/opt/airflow/dags/sales_forecasting_dag.py    314  0.00s             0           1  0.13s           2025-07-28T11:33:14
================================================================================
[2025-07-28T11:34:15.285+0000] {manager.py:878} INFO - 
================================================================================
DAG File Processing Stats

File Path                                     PID  Runtime      # DAGs    # Errors  Last Runtime    Last Run
------------------------------------------  -----  ---------  --------  ----------  --------------  -------------------
/opt/airflow/dags/sales_forecasting_dag.py    319  0.01s             0           1  0.09s           2025-07-28T11:33:45
================================================================================
[2025-07-28T11:34:45.588+0000] {manager.py:878} INFO - 
================================================================================
DAG File Processing Stats

File Path                                     PID  Runtime      # DAGs    # Errors  Last Runtime    Last Run
------------------------------------------  -----  ---------  --------  ----------  --------------  -------------------
/opt/airflow/dags/sales_forecasting_dag.py    324  0.00s             0           1  0.15s           2025-07-28T11:34:15
================================================================================
[2025-07-28T11:35:15.937+0000] {manager.py:878} INFO - 
================================================================================
DAG File Processing Stats

File Path                                     PID  Runtime      # DAGs    # Errors  Last Runtime    Last Run
------------------------------------------  -----  ---------  --------  ----------  --------------  -------------------
/opt/airflow/dags/sales_forecasting_dag.py    329  0.00s             0           1  0.07s           2025-07-28T11:34:45
================================================================================
[2025-07-28T11:35:46.143+0000] {manager.py:878} INFO - 
================================================================================
DAG File Processing Stats

File Path                                     PID  Runtime      # DAGs    # Errors  Last Runtime    Last Run
------------------------------------------  -----  ---------  --------  ----------  --------------  -------------------
/opt/airflow/dags/sales_forecasting_dag.py    334  0.00s             0           1  0.07s           2025-07-28T11:35:16
================================================================================
[2025-07-28T11:35:52.275+0000] {manager.py:452} INFO - Exiting gracefully upon receiving signal 15
[2025-07-28T11:36:36.061+0000] {manager.py:470} INFO - Processing files using up to 2 processes at a time 
[2025-07-28T11:36:36.063+0000] {manager.py:471} INFO - Process each file at most once every 30 seconds
[2025-07-28T11:36:36.064+0000] {manager.py:472} INFO - Checking for new files in /opt/airflow/dags every 300 seconds
[2025-07-28T11:36:36.066+0000] {manager.py:737} INFO - Searching for files in /opt/airflow/dags
[2025-07-28T11:36:36.094+0000] {manager.py:740} INFO - There are 1 files in /opt/airflow/dags
[2025-07-28T11:36:36.339+0000] {manager.py:878} INFO - 
================================================================================
DAG File Processing Stats

File Path                                     PID  Runtime      # DAGs    # Errors  Last Runtime    Last Run
------------------------------------------  -----  ---------  --------  ----------  --------------  ----------
/opt/airflow/dags/sales_forecasting_dag.py    164  0.08s             0           0
================================================================================
[2025-07-28T11:37:06.564+0000] {manager.py:878} INFO - 
================================================================================
DAG File Processing Stats

File Path                                     PID  Runtime      # DAGs    # Errors  Last Runtime    Last Run
------------------------------------------  -----  ---------  --------  ----------  --------------  -------------------
/opt/airflow/dags/sales_forecasting_dag.py    169  0.00s             0           1  0.14s           2025-07-28T11:36:36
================================================================================
[2025-07-28T11:37:36.893+0000] {manager.py:878} INFO - 
================================================================================
DAG File Processing Stats

File Path                                     PID  Runtime      # DAGs    # Errors  Last Runtime    Last Run
------------------------------------------  -----  ---------  --------  ----------  --------------  -------------------
/opt/airflow/dags/sales_forecasting_dag.py    174  0.01s             0           1  0.08s           2025-07-28T11:37:06
================================================================================
[2025-07-28T11:38:07.117+0000] {manager.py:878} INFO - 
================================================================================
DAG File Processing Stats

File Path                                     PID  Runtime      # DAGs    # Errors  Last Runtime    Last Run
------------------------------------------  -----  ---------  --------  ----------  --------------  -------------------
/opt/airflow/dags/sales_forecasting_dag.py    179  0.01s             0           1  0.07s           2025-07-28T11:37:36
================================================================================
[2025-07-28T11:38:37.436+0000] {manager.py:878} INFO - 
================================================================================
DAG File Processing Stats

File Path                                     PID  Runtime      # DAGs    # Errors  Last Runtime    Last Run
------------------------------------------  -----  ---------  --------  ----------  --------------  -------------------
/opt/airflow/dags/sales_forecasting_dag.py    184  0.01s             0           1  0.08s           2025-07-28T11:38:07
================================================================================
[2025-07-28T11:39:09.597+0000] {manager.py:878} INFO - 
================================================================================
DAG File Processing Stats

File Path                                   PID    Runtime      # DAGs    # Errors  Last Runtime    Last Run
------------------------------------------  -----  ---------  --------  ----------  --------------  -------------------
/opt/airflow/dags/sales_forecasting_dag.py                           0           1  0.07s           2025-07-28T11:39:07
================================================================================
[2025-07-28T11:39:23.290+0000] {manager.py:452} INFO - Exiting gracefully upon receiving signal 15
