[2025-08-29T17:02:11.775+0000] {local_task_job_runner.py:120} INFO - ::group::Pre task execution logs
[2025-08-29T17:02:11.852+0000] {taskinstance.py:2076} INFO - Dependencies all met for dep_context=non-requeueable deps ti=<TaskInstance: retail_sales_training_pipeline.preprocess_data manual__2025-08-29T17:02:10.129206+00:00 [queued]>
[2025-08-29T17:02:11.878+0000] {taskinstance.py:2076} INFO - Dependencies all met for dep_context=requeueable deps ti=<TaskInstance: retail_sales_training_pipeline.preprocess_data manual__2025-08-29T17:02:10.129206+00:00 [queued]>
[2025-08-29T17:02:11.880+0000] {taskinstance.py:2306} INFO - Starting attempt 1 of 1
[2025-08-29T17:02:11.913+0000] {taskinstance.py:2330} INFO - Executing <Task(BashOperator): preprocess_data> on 2025-08-29 17:02:10.129206+00:00
[2025-08-29T17:02:11.925+0000] {standard_task_runner.py:90} INFO - Running: ['***', 'tasks', 'run', 'retail_sales_training_pipeline', 'preprocess_data', 'manual__2025-08-29T17:02:10.129206+00:00', '--job-id', '2', '--raw', '--subdir', 'DAGS_FOLDER/model_training_dag.py', '--cfg-path', '/tmp/tmpbyxedfr4']
[2025-08-29T17:02:11.933+0000] {standard_task_runner.py:91} INFO - Job 2: Subtask preprocess_data
[2025-08-29T17:02:11.941+0000] {logging_mixin.py:188} WARNING - /home/***/.local/lib/python3.12/site-packages/***/task/task_runner/standard_task_runner.py:61 DeprecationWarning: This process (pid=185) is multi-threaded, use of fork() may lead to deadlocks in the child.
[2025-08-29T17:02:11.943+0000] {standard_task_runner.py:63} INFO - Started process 186 to run task
[2025-08-29T17:02:12.048+0000] {task_command.py:426} INFO - Running <TaskInstance: retail_sales_training_pipeline.preprocess_data manual__2025-08-29T17:02:10.129206+00:00 [running]> on host 54404d41f184
[2025-08-29T17:02:12.235+0000] {taskinstance.py:2648} INFO - Exporting env vars: AIRFLOW_CTX_DAG_OWNER='***' AIRFLOW_CTX_DAG_ID='retail_sales_training_pipeline' AIRFLOW_CTX_TASK_ID='preprocess_data' AIRFLOW_CTX_EXECUTION_DATE='2025-08-29T17:02:10.129206+00:00' AIRFLOW_CTX_TRY_NUMBER='1' AIRFLOW_CTX_DAG_RUN_ID='manual__2025-08-29T17:02:10.129206+00:00'
[2025-08-29T17:02:12.237+0000] {taskinstance.py:430} INFO - ::endgroup::
[2025-08-29T17:02:12.314+0000] {subprocess.py:63} INFO - Tmp dir root location: /tmp
[2025-08-29T17:02:12.317+0000] {subprocess.py:75} INFO - Running command: ['/usr/bin/bash', '-c', 'python /opt/***/scripts/preprocess_data.py']
[2025-08-29T17:02:12.329+0000] {subprocess.py:86} INFO - Output:
[2025-08-29T17:02:14.970+0000] {subprocess.py:93} INFO - INFO:root:Starting preprocessing of /opt/***/data/raw/train.csv...
[2025-08-29T17:02:17.913+0000] {subprocess.py:93} INFO - INFO:root:Saved initial training data (547500 rows) to /opt/***/data/processed/initial_train.csv
[2025-08-29T17:02:17.961+0000] {subprocess.py:93} INFO - /opt/***/scripts/preprocess_data.py:38: SettingWithCopyWarning:
[2025-08-29T17:02:17.962+0000] {subprocess.py:93} INFO - A value is trying to be set on a copy of a slice from a DataFrame.
[2025-08-29T17:02:17.963+0000] {subprocess.py:93} INFO - Try using .loc[row_indexer,col_indexer] = value instead
[2025-08-29T17:02:17.964+0000] {subprocess.py:93} INFO - 
[2025-08-29T17:02:17.965+0000] {subprocess.py:93} INFO - See the caveats in the documentation: https://pandas.pydata.org/pandas-docs/stable/user_guide/indexing.html#returning-a-view-versus-a-copy
[2025-08-29T17:02:17.965+0000] {subprocess.py:93} INFO -   incremental_df['year_month'] = incremental_df['date'].dt.to_period('M')
[2025-08-29T17:02:18.106+0000] {subprocess.py:93} INFO - INFO:root:Saved incremental data for 2016-01 to /opt/***/data/processed/sales_2016-01.csv
[2025-08-29T17:02:18.184+0000] {subprocess.py:93} INFO - INFO:root:Saved incremental data for 2016-02 to /opt/***/data/processed/sales_2016-02.csv
[2025-08-29T17:02:18.283+0000] {subprocess.py:93} INFO - INFO:root:Saved incremental data for 2016-03 to /opt/***/data/processed/sales_2016-03.csv
[2025-08-29T17:02:18.410+0000] {subprocess.py:93} INFO - INFO:root:Saved incremental data for 2016-04 to /opt/***/data/processed/sales_2016-04.csv
[2025-08-29T17:02:18.547+0000] {subprocess.py:93} INFO - INFO:root:Saved incremental data for 2016-05 to /opt/***/data/processed/sales_2016-05.csv
[2025-08-29T17:02:18.643+0000] {subprocess.py:93} INFO - INFO:root:Saved incremental data for 2016-06 to /opt/***/data/processed/sales_2016-06.csv
[2025-08-29T17:02:18.730+0000] {subprocess.py:93} INFO - INFO:root:Saved incremental data for 2016-07 to /opt/***/data/processed/sales_2016-07.csv
[2025-08-29T17:02:18.810+0000] {subprocess.py:93} INFO - INFO:root:Saved incremental data for 2016-08 to /opt/***/data/processed/sales_2016-08.csv
[2025-08-29T17:02:18.907+0000] {subprocess.py:93} INFO - INFO:root:Saved incremental data for 2016-09 to /opt/***/data/processed/sales_2016-09.csv
[2025-08-29T17:02:19.023+0000] {subprocess.py:93} INFO - INFO:root:Saved incremental data for 2016-10 to /opt/***/data/processed/sales_2016-10.csv
[2025-08-29T17:02:19.094+0000] {subprocess.py:93} INFO - INFO:root:Saved incremental data for 2016-11 to /opt/***/data/processed/sales_2016-11.csv
[2025-08-29T17:02:19.164+0000] {subprocess.py:93} INFO - INFO:root:Saved incremental data for 2016-12 to /opt/***/data/processed/sales_2016-12.csv
[2025-08-29T17:02:19.239+0000] {subprocess.py:93} INFO - INFO:root:Saved incremental data for 2017-01 to /opt/***/data/processed/sales_2017-01.csv
[2025-08-29T17:02:19.305+0000] {subprocess.py:93} INFO - INFO:root:Saved incremental data for 2017-02 to /opt/***/data/processed/sales_2017-02.csv
[2025-08-29T17:02:19.372+0000] {subprocess.py:93} INFO - INFO:root:Saved incremental data for 2017-03 to /opt/***/data/processed/sales_2017-03.csv
[2025-08-29T17:02:19.437+0000] {subprocess.py:93} INFO - INFO:root:Saved incremental data for 2017-04 to /opt/***/data/processed/sales_2017-04.csv
[2025-08-29T17:02:19.508+0000] {subprocess.py:93} INFO - INFO:root:Saved incremental data for 2017-05 to /opt/***/data/processed/sales_2017-05.csv
[2025-08-29T17:02:19.573+0000] {subprocess.py:93} INFO - INFO:root:Saved incremental data for 2017-06 to /opt/***/data/processed/sales_2017-06.csv
[2025-08-29T17:02:19.644+0000] {subprocess.py:93} INFO - INFO:root:Saved incremental data for 2017-07 to /opt/***/data/processed/sales_2017-07.csv
[2025-08-29T17:02:19.718+0000] {subprocess.py:93} INFO - INFO:root:Saved incremental data for 2017-08 to /opt/***/data/processed/sales_2017-08.csv
[2025-08-29T17:02:19.786+0000] {subprocess.py:93} INFO - INFO:root:Saved incremental data for 2017-09 to /opt/***/data/processed/sales_2017-09.csv
[2025-08-29T17:02:19.854+0000] {subprocess.py:93} INFO - INFO:root:Saved incremental data for 2017-10 to /opt/***/data/processed/sales_2017-10.csv
[2025-08-29T17:02:19.920+0000] {subprocess.py:93} INFO - INFO:root:Saved incremental data for 2017-11 to /opt/***/data/processed/sales_2017-11.csv
[2025-08-29T17:02:19.987+0000] {subprocess.py:93} INFO - INFO:root:Saved incremental data for 2017-12 to /opt/***/data/processed/sales_2017-12.csv
[2025-08-29T17:02:19.988+0000] {subprocess.py:93} INFO - INFO:root:Preprocessing complete!
[2025-08-29T17:02:20.078+0000] {subprocess.py:97} INFO - Command exited with return code 0
[2025-08-29T17:02:20.079+0000] {taskinstance.py:441} INFO - ::group::Post task execution logs
[2025-08-29T17:02:20.113+0000] {taskinstance.py:1206} INFO - Marking task as SUCCESS. dag_id=retail_sales_training_pipeline, task_id=preprocess_data, run_id=manual__2025-08-29T17:02:10.129206+00:00, execution_date=20250829T170210, start_date=20250829T170211, end_date=20250829T170220
[2025-08-29T17:02:20.166+0000] {local_task_job_runner.py:240} INFO - Task exited with return code 0
[2025-08-29T17:02:20.192+0000] {taskinstance.py:3503} INFO - 1 downstream tasks scheduled from follow-on schedule check
[2025-08-29T17:02:20.195+0000] {local_task_job_runner.py:222} INFO - ::endgroup::
