[2025-08-29T17:02:20.483+0000] {local_task_job_runner.py:120} INFO - ::group::Pre task execution logs
[2025-08-29T17:02:20.531+0000] {taskinstance.py:2076} INFO - Dependencies all met for dep_context=non-requeueable deps ti=<TaskInstance: retail_sales_training_pipeline.train_initial_model manual__2025-08-29T17:02:10.129206+00:00 [queued]>
[2025-08-29T17:02:20.543+0000] {taskinstance.py:2076} INFO - Dependencies all met for dep_context=requeueable deps ti=<TaskInstance: retail_sales_training_pipeline.train_initial_model manual__2025-08-29T17:02:10.129206+00:00 [queued]>
[2025-08-29T17:02:20.544+0000] {taskinstance.py:2306} INFO - Starting attempt 1 of 1
[2025-08-29T17:02:20.561+0000] {taskinstance.py:2330} INFO - Executing <Task(BashOperator): train_initial_model> on 2025-08-29 17:02:10.129206+00:00
[2025-08-29T17:02:20.569+0000] {standard_task_runner.py:90} INFO - Running: ['***', 'tasks', 'run', 'retail_sales_training_pipeline', 'train_initial_model', 'manual__2025-08-29T17:02:10.129206+00:00', '--job-id', '3', '--raw', '--subdir', 'DAGS_FOLDER/model_training_dag.py', '--cfg-path', '/tmp/tmp1bxlk_my']
[2025-08-29T17:02:20.573+0000] {standard_task_runner.py:91} INFO - Job 3: Subtask train_initial_model
[2025-08-29T17:02:20.575+0000] {logging_mixin.py:188} WARNING - /home/***/.local/lib/python3.12/site-packages/***/task/task_runner/standard_task_runner.py:61 DeprecationWarning: This process (pid=201) is multi-threaded, use of fork() may lead to deadlocks in the child.
[2025-08-29T17:02:20.576+0000] {standard_task_runner.py:63} INFO - Started process 202 to run task
[2025-08-29T17:02:20.629+0000] {task_command.py:426} INFO - Running <TaskInstance: retail_sales_training_pipeline.train_initial_model manual__2025-08-29T17:02:10.129206+00:00 [running]> on host 54404d41f184
[2025-08-29T17:02:20.729+0000] {taskinstance.py:2648} INFO - Exporting env vars: AIRFLOW_CTX_DAG_OWNER='***' AIRFLOW_CTX_DAG_ID='retail_sales_training_pipeline' AIRFLOW_CTX_TASK_ID='train_initial_model' AIRFLOW_CTX_EXECUTION_DATE='2025-08-29T17:02:10.129206+00:00' AIRFLOW_CTX_TRY_NUMBER='1' AIRFLOW_CTX_DAG_RUN_ID='manual__2025-08-29T17:02:10.129206+00:00'
[2025-08-29T17:02:20.730+0000] {taskinstance.py:430} INFO - ::endgroup::
[2025-08-29T17:02:20.750+0000] {subprocess.py:63} INFO - Tmp dir root location: /tmp
[2025-08-29T17:02:20.751+0000] {subprocess.py:75} INFO - Running command: ['/usr/bin/bash', '-c', 'python /opt/***/scripts/train_model.py']
[2025-08-29T17:02:20.760+0000] {subprocess.py:86} INFO - Output:
[2025-08-29T17:02:22.921+0000] {subprocess.py:93} INFO - Importing plotly failed. Interactive plots will not work.
[2025-08-29T17:02:26.125+0000] {subprocess.py:93} INFO - 2025/08/29 17:02:26 INFO mlflow.tracking.fluent: Experiment with name 'Retail Sales Forecasting - Docker' does not exist. Creating a new experiment.
[2025-08-29T17:02:26.851+0000] {subprocess.py:93} INFO - 2025-08-29 17:02:26,851 - INFO - MLflow experiment set.
[2025-08-29T17:02:26.852+0000] {subprocess.py:93} INFO - 2025-08-29 17:02:26,851 - INFO - Loading data from /opt/***/data/processed/initial_train.csv...
[2025-08-29T17:02:27.210+0000] {subprocess.py:93} INFO - 2025-08-29 17:02:27,209 - INFO - Data prepared. Shape: (1095, 4)
[2025-08-29T17:02:27.262+0000] {subprocess.py:93} INFO - 2025/08/29 17:02:27 WARNING mlflow.utils.git_utils: Failed to import Git (the Git executable is probably not on your PATH), so Git SHA is not available. Error: Failed to initialize: Bad git executable.
[2025-08-29T17:02:27.263+0000] {subprocess.py:93} INFO - The git executable must be specified in one of the following ways:
[2025-08-29T17:02:27.263+0000] {subprocess.py:93} INFO -     - be included in your $PATH
[2025-08-29T17:02:27.264+0000] {subprocess.py:93} INFO -     - be set via $GIT_PYTHON_GIT_EXECUTABLE
[2025-08-29T17:02:27.265+0000] {subprocess.py:93} INFO -     - explicitly set via git.refresh(<full-path-to-git-executable>)
[2025-08-29T17:02:27.265+0000] {subprocess.py:93} INFO - 
[2025-08-29T17:02:27.266+0000] {subprocess.py:93} INFO - All git commands will error until this is rectified.
[2025-08-29T17:02:27.266+0000] {subprocess.py:93} INFO - 
[2025-08-29T17:02:27.267+0000] {subprocess.py:93} INFO - This initial message can be silenced or aggravated in the future by setting the
[2025-08-29T17:02:27.268+0000] {subprocess.py:93} INFO - $GIT_PYTHON_REFRESH environment variable. Use one of the following values:
[2025-08-29T17:02:27.269+0000] {subprocess.py:93} INFO -     - quiet|q|silence|s|silent|none|n|0: for no message or exception
[2025-08-29T17:02:27.269+0000] {subprocess.py:93} INFO -     - warn|w|warning|log|l|1: for a warning message (logging level CRITICAL, displayed by default)
[2025-08-29T17:02:27.270+0000] {subprocess.py:93} INFO -     - error|e|exception|raise|r|2: for a raised exception
[2025-08-29T17:02:27.271+0000] {subprocess.py:93} INFO - 
[2025-08-29T17:02:27.271+0000] {subprocess.py:93} INFO - Example:
[2025-08-29T17:02:27.272+0000] {subprocess.py:93} INFO -     export GIT_PYTHON_REFRESH=quiet
[2025-08-29T17:02:27.273+0000] {subprocess.py:93} INFO - 
[2025-08-29T17:02:27.298+0000] {subprocess.py:93} INFO - 2025-08-29 17:02:27,298 - INFO - Starting MLflow run: vaunted-wolf-946
[2025-08-29T17:02:27.319+0000] {subprocess.py:93} INFO - 2025-08-29 17:02:27,319 - INFO - Forecast Horizon: 90 days
[2025-08-29T17:02:27.320+0000] {subprocess.py:93} INFO - 2025-08-29 17:02:27,319 - INFO - Training data size: 1005, Validation data size: 90
[2025-08-29T17:02:27.357+0000] {subprocess.py:93} INFO - 2025-08-29 17:02:27,357 - INFO - Disabling daily seasonality. Run prophet with daily_seasonality=True to override this.
[2025-08-29T17:02:27.385+0000] {subprocess.py:93} INFO - 2025-08-29 17:02:27,385 - DEBUG - input tempfile: /tmp/tmpb3abjia9/trbr6ypz.json
[2025-08-29T17:02:27.468+0000] {subprocess.py:93} INFO - 2025-08-29 17:02:27,468 - DEBUG - input tempfile: /tmp/tmpb3abjia9/cak0zfr5.json
[2025-08-29T17:02:27.469+0000] {subprocess.py:93} INFO - 2025-08-29 17:02:27,469 - DEBUG - idx 0
[2025-08-29T17:02:27.470+0000] {subprocess.py:93} INFO - 2025-08-29 17:02:27,469 - DEBUG - running CmdStan, num_threads: None
[2025-08-29T17:02:27.471+0000] {subprocess.py:93} INFO - 2025-08-29 17:02:27,469 - DEBUG - CmdStan args: ['/home/***/.local/lib/python3.12/site-packages/prophet/stan_model/prophet_model.bin', 'random', 'seed=94577', 'data', 'file=/tmp/tmpb3abjia9/trbr6ypz.json', 'init=/tmp/tmpb3abjia9/cak0zfr5.json', 'output', 'file=/tmp/tmpb3abjia9/prophet_model2p75182v/prophet_model-20250829170227.csv', 'method=optimize', 'algorithm=lbfgs', 'iter=10000']
[2025-08-29T17:02:27.472+0000] {subprocess.py:93} INFO - 17:02:27 - cmdstanpy - INFO - Chain [1] start processing
[2025-08-29T17:02:27.472+0000] {subprocess.py:93} INFO - 2025-08-29 17:02:27,469 - INFO - Chain [1] start processing
[2025-08-29T17:02:27.519+0000] {subprocess.py:93} INFO - 17:02:27 - cmdstanpy - INFO - Chain [1] done processing
[2025-08-29T17:02:27.520+0000] {subprocess.py:93} INFO - 2025-08-29 17:02:27,519 - INFO - Chain [1] done processing
[2025-08-29T17:02:27.523+0000] {subprocess.py:93} INFO - 2025-08-29 17:02:27,523 - INFO - Prophet model fitting complete.
[2025-08-29T17:02:27.788+0000] {subprocess.py:93} INFO - 2025-08-29 17:02:27,788 - INFO - RMSE: 4.7054, MAE: 3.7648
[2025-08-29T17:02:30.967+0000] {subprocess.py:93} INFO - 2025-08-29 17:02:30,967 - INFO - Model and metrics logged successfully to MLflow.
[2025-08-29T17:02:30.968+0000] {subprocess.py:93} INFO - 2025-08-29 17:02:30,967 - INFO - MLflow Run ID: 4f096dabf19846feaca65ba883b569ed
[2025-08-29T17:02:31.393+0000] {subprocess.py:97} INFO - Command exited with return code 0
[2025-08-29T17:02:31.394+0000] {taskinstance.py:441} INFO - ::group::Post task execution logs
[2025-08-29T17:02:31.426+0000] {taskinstance.py:1206} INFO - Marking task as SUCCESS. dag_id=retail_sales_training_pipeline, task_id=train_initial_model, run_id=manual__2025-08-29T17:02:10.129206+00:00, execution_date=20250829T170210, start_date=20250829T170220, end_date=20250829T170231
[2025-08-29T17:02:31.452+0000] {local_task_job_runner.py:240} INFO - Task exited with return code 0
[2025-08-29T17:02:31.473+0000] {taskinstance.py:3503} INFO - 0 downstream tasks scheduled from follow-on schedule check
[2025-08-29T17:02:31.476+0000] {local_task_job_runner.py:222} INFO - ::endgroup::
